<?xml version="1.0" encoding="UTF-8"?>
<testng-results total="6" passed="5" failed="1" skipped="0">
  <reporter-output>
  </reporter-output>
  <suite started-at="2019-07-23T16:16:57Z" name="Default suite" finished-at="2019-07-23T16:17:12Z" duration-ms="15022">
    <groups>
    </groups>
    <test started-at="2019-07-23T16:16:57Z" name="Default test" finished-at="2019-07-23T16:17:12Z" duration-ms="15022">
      <class name="InterviewQuestions.HandlingCheckBoxandDropDown">
        <test-method signature="CheckBoxHandling()[pri:0, instance:InterviewQuestions.HandlingCheckBoxandDropDown@f31c0c6]" started-at="2019-07-23T21:46:57Z" name="CheckBoxHandling" finished-at="2019-07-23T21:46:58Z" duration-ms="307" status="PASS">
          <reporter-output>
          </reporter-output>
        </test-method> <!-- CheckBoxHandling -->
        <test-method signature="DropDownHandling()[pri:0, instance:InterviewQuestions.HandlingCheckBoxandDropDown@f31c0c6]" started-at="2019-07-23T21:46:58Z" name="DropDownHandling" finished-at="2019-07-23T21:46:58Z" duration-ms="467" status="PASS">
          <reporter-output>
          </reporter-output>
        </test-method> <!-- DropDownHandling -->
        <test-method signature="TextBoxHandling()[pri:0, instance:InterviewQuestions.HandlingCheckBoxandDropDown@f31c0c6]" started-at="2019-07-23T21:46:58Z" name="TextBoxHandling" finished-at="2019-07-23T21:46:59Z" duration-ms="680" status="PASS">
          <reporter-output>
          </reporter-output>
        </test-method> <!-- TextBoxHandling -->
        <test-method signature="AlertBoxHandling()[pri:0, instance:InterviewQuestions.HandlingCheckBoxandDropDown@f31c0c6]" started-at="2019-07-23T21:46:59Z" name="AlertBoxHandling" finished-at="2019-07-23T21:47:01Z" duration-ms="2426" status="PASS">
          <reporter-output>
          </reporter-output>
        </test-method> <!-- AlertBoxHandling -->
        <test-method signature="WindowHandling()[pri:0, instance:InterviewQuestions.HandlingCheckBoxandDropDown@f31c0c6]" started-at="2019-07-23T21:47:01Z" name="WindowHandling" finished-at="2019-07-23T21:47:07Z" duration-ms="5400" status="PASS">
          <reporter-output>
          </reporter-output>
        </test-method> <!-- WindowHandling -->
        <test-method signature="FramesHandling()[pri:0, instance:InterviewQuestions.HandlingCheckBoxandDropDown@f31c0c6]" started-at="2019-07-23T21:47:07Z" name="FramesHandling" finished-at="2019-07-23T21:47:12Z" duration-ms="5605" status="FAIL">
          <exception class="org.openqa.selenium.NoSuchElementException">
            <message>
              <![CDATA[no such element: Unable to locate element: {"method":"xpath","selector":"//div[@class='sumome-react-wysiwyg-popup-animation-group']						//div[@class='sumome-react-wysiwyg-popup-container sumome-react-wysiwyg-popup sumome-react-wysiwyg-is-resizing']                      //descendant::div[@class='sumome-react-wysiwyg-component sumome-react-wysiwyg-popup-button sumome-react-wysiwyg-button']"}
  (Session info: chrome=75.0.3770.142)
For documentation on this error, please visit: https://www.seleniumhq.org/exceptions/no_such_element.html
Build info: version: '3.141.59', revision: 'e82be7d358', time: '2018-11-14T08:25:48'
System info: host: 'DESKTOP-8HHAUQH', ip: '192.168.0.6', os.name: 'Windows 10', os.arch: 'amd64', os.version: '10.0', java.version: '11.0.2'
Driver info: org.openqa.selenium.chrome.ChromeDriver
Capabilities {acceptInsecureCerts: false, browserName: chrome, browserVersion: 75.0.3770.142, chrome: {chromedriverVersion: 75.0.3770.8 (681f24ea911fe7..., userDataDir: C:\Users\Jayanth\AppData\Lo...}, goog:chromeOptions: {debuggerAddress: localhost:59839}, javascriptEnabled: true, networkConnectionEnabled: false, pageLoadStrategy: normal, platform: XP, platformName: XP, proxy: Proxy(), setWindowRect: true, strictFileInteractability: false, timeouts: {implicit: 0, pageLoad: 300000, script: 30000}, unhandledPromptBehavior: dismiss and notify}
Session ID: be2768566a08a117b331635303b0a536
*** Element info: {Using=xpath, value=//div[@class='sumome-react-wysiwyg-popup-animation-group']						//div[@class='sumome-react-wysiwyg-popup-container sumome-react-wysiwyg-popup sumome-react-wysiwyg-is-resizing']                      //descendant::div[@class='sumome-react-wysiwyg-component sumome-react-wysiwyg-popup-button sumome-react-wysiwyg-button']}]]>
            </message>
            <full-stacktrace>
              <![CDATA[org.openqa.selenium.NoSuchElementException: no such element: Unable to locate element: {"method":"xpath","selector":"//div[@class='sumome-react-wysiwyg-popup-animation-group']						//div[@class='sumome-react-wysiwyg-popup-container sumome-react-wysiwyg-popup sumome-react-wysiwyg-is-resizing']                      //descendant::div[@class='sumome-react-wysiwyg-component sumome-react-wysiwyg-popup-button sumome-react-wysiwyg-button']"}
  (Session info: chrome=75.0.3770.142)
For documentation on this error, please visit: https://www.seleniumhq.org/exceptions/no_such_element.html
Build info: version: '3.141.59', revision: 'e82be7d358', time: '2018-11-14T08:25:48'
System info: host: 'DESKTOP-8HHAUQH', ip: '192.168.0.6', os.name: 'Windows 10', os.arch: 'amd64', os.version: '10.0', java.version: '11.0.2'
Driver info: org.openqa.selenium.chrome.ChromeDriver
Capabilities {acceptInsecureCerts: false, browserName: chrome, browserVersion: 75.0.3770.142, chrome: {chromedriverVersion: 75.0.3770.8 (681f24ea911fe7..., userDataDir: C:\Users\Jayanth\AppData\Lo...}, goog:chromeOptions: {debuggerAddress: localhost:59839}, javascriptEnabled: true, networkConnectionEnabled: false, pageLoadStrategy: normal, platform: XP, platformName: XP, proxy: Proxy(), setWindowRect: true, strictFileInteractability: false, timeouts: {implicit: 0, pageLoad: 300000, script: 30000}, unhandledPromptBehavior: dismiss and notify}
Session ID: be2768566a08a117b331635303b0a536
*** Element info: {Using=xpath, value=//div[@class='sumome-react-wysiwyg-popup-animation-group']						//div[@class='sumome-react-wysiwyg-popup-container sumome-react-wysiwyg-popup sumome-react-wysiwyg-is-resizing']                      //descendant::div[@class='sumome-react-wysiwyg-component sumome-react-wysiwyg-popup-button sumome-react-wysiwyg-button']}
	at java.base/jdk.internal.reflect.NativeConstructorAccessorImpl.newInstance0(Native Method)
	at java.base/jdk.internal.reflect.NativeConstructorAccessorImpl.newInstance(NativeConstructorAccessorImpl.java:62)
	at java.base/jdk.internal.reflect.DelegatingConstructorAccessorImpl.newInstance(DelegatingConstructorAccessorImpl.java:45)
	at java.base/java.lang.reflect.Constructor.newInstance(Constructor.java:490)
	at org.openqa.selenium.remote.http.W3CHttpResponseCodec.createException(W3CHttpResponseCodec.java:187)
	at org.openqa.selenium.remote.http.W3CHttpResponseCodec.decode(W3CHttpResponseCodec.java:122)
	at org.openqa.selenium.remote.http.W3CHttpResponseCodec.decode(W3CHttpResponseCodec.java:49)
	at org.openqa.selenium.remote.HttpCommandExecutor.execute(HttpCommandExecutor.java:158)
	at org.openqa.selenium.remote.service.DriverCommandExecutor.execute(DriverCommandExecutor.java:83)
	at org.openqa.selenium.remote.RemoteWebDriver.execute(RemoteWebDriver.java:552)
	at org.openqa.selenium.remote.RemoteWebDriver.findElement(RemoteWebDriver.java:323)
	at org.openqa.selenium.remote.RemoteWebDriver.findElementByXPath(RemoteWebDriver.java:428)
	at org.openqa.selenium.By$ByXPath.findElement(By.java:353)
	at org.openqa.selenium.remote.RemoteWebDriver.findElement(RemoteWebDriver.java:315)
	at InterviewQuestions.HandlingCheckBoxandDropDown.FramesHandling(HandlingCheckBoxandDropDown.java:62)
	at java.base/jdk.internal.reflect.NativeMethodAccessorImpl.invoke0(Native Method)
	at java.base/jdk.internal.reflect.NativeMethodAccessorImpl.invoke(NativeMethodAccessorImpl.java:62)
	at java.base/jdk.internal.reflect.DelegatingMethodAccessorImpl.invoke(DelegatingMethodAccessorImpl.java:43)
	at java.base/java.lang.reflect.Method.invoke(Method.java:566)
	at org.testng.internal.MethodInvocationHelper.invokeMethod(MethodInvocationHelper.java:80)
	at org.testng.internal.Invoker.invokeMethod(Invoker.java:715)
	at org.testng.internal.Invoker.invokeTestMethod(Invoker.java:907)
	at org.testng.internal.Invoker.invokeTestMethods(Invoker.java:1237)
	at org.testng.internal.TestMethodWorker.invokeTestMethods(TestMethodWorker.java:127)
	at org.testng.internal.TestMethodWorker.run(TestMethodWorker.java:111)
	at org.testng.TestRunner.privateRun(TestRunner.java:767)
	at org.testng.TestRunner.run(TestRunner.java:617)
	at org.testng.SuiteRunner.runTest(SuiteRunner.java:334)
	at org.testng.SuiteRunner.runSequentially(SuiteRunner.java:329)
	at org.testng.SuiteRunner.privateRun(SuiteRunner.java:291)
	at org.testng.SuiteRunner.run(SuiteRunner.java:240)
	at org.testng.SuiteRunnerWorker.runSuite(SuiteRunnerWorker.java:51)
	at org.testng.SuiteRunnerWorker.run(SuiteRunnerWorker.java:85)
	at org.testng.TestNG.runSuitesSequentially(TestNG.java:1197)
	at org.testng.TestNG.runSuitesLocally(TestNG.java:1122)
	at org.testng.TestNG.run(TestNG.java:1030)
	at org.testng.remote.AbstractRemoteTestNG.run(AbstractRemoteTestNG.java:115)
	at org.testng.remote.RemoteTestNG.initAndRun(RemoteTestNG.java:251)
	at org.testng.remote.RemoteTestNG.main(RemoteTestNG.java:77)
]]>
            </full-stacktrace>
          </exception> <!-- org.openqa.selenium.NoSuchElementException -->
          <reporter-output>
          </reporter-output>
        </test-method> <!-- FramesHandling -->
      </class> <!-- InterviewQuestions.HandlingCheckBoxandDropDown -->
    </test> <!-- Default test -->
  </suite> <!-- Default suite -->
</testng-results>
